{"/Users/philipclapper/workspace/task-manager/src/utils/validation.ts": {"path":"/Users/philipclapper/workspace/task-manager/src/utils/validation.ts","statementMap":{"0":{"start":{"line":23,"column":36},"end":{"line":23,"column":null}},"1":{"start":{"line":24,"column":38},"end":{"line":24,"column":null}},"2":{"start":{"line":27,"column":2},"end":{"line":34,"column":null}},"3":{"start":{"line":28,"column":4},"end":{"line":32,"column":null}},"4":{"start":{"line":33,"column":4},"end":{"line":33,"column":null}},"5":{"start":{"line":37,"column":2},"end":{"line":43,"column":null}},"6":{"start":{"line":38,"column":4},"end":{"line":42,"column":null}},"7":{"start":{"line":46,"column":2},"end":{"line":52,"column":null}},"8":{"start":{"line":47,"column":4},"end":{"line":51,"column":null}},"9":{"start":{"line":55,"column":43},"end":{"line":59,"column":null}},"10":{"start":{"line":56,"column":4},"end":{"line":58,"column":null}},"11":{"start":{"line":61,"column":2},"end":{"line":67,"column":null}},"12":{"start":{"line":62,"column":4},"end":{"line":66,"column":null}},"13":{"start":{"line":69,"column":2},"end":{"line":73,"column":null}},"14":{"start":{"line":80,"column":36},"end":{"line":80,"column":null}},"15":{"start":{"line":81,"column":38},"end":{"line":81,"column":null}},"16":{"start":{"line":84,"column":2},"end":{"line":86,"column":null}},"17":{"start":{"line":85,"column":4},"end":{"line":85,"column":null}},"18":{"start":{"line":89,"column":26},"end":{"line":89,"column":null}},"19":{"start":{"line":89,"column":47},"end":{"line":89,"column":83}},"20":{"start":{"line":92,"column":2},"end":{"line":99,"column":null}},"21":{"start":{"line":93,"column":4},"end":{"line":97,"column":null}},"22":{"start":{"line":98,"column":4},"end":{"line":98,"column":null}},"23":{"start":{"line":102,"column":28},"end":{"line":102,"column":null}},"24":{"start":{"line":102,"column":58},"end":{"line":102,"column":85}},"25":{"start":{"line":105,"column":2},"end":{"line":111,"column":null}},"26":{"start":{"line":106,"column":4},"end":{"line":110,"column":null}},"27":{"start":{"line":114,"column":2},"end":{"line":120,"column":null}},"28":{"start":{"line":115,"column":4},"end":{"line":119,"column":null}},"29":{"start":{"line":122,"column":2},"end":{"line":126,"column":null}},"30":{"start":{"line":133,"column":36},"end":{"line":133,"column":null}},"31":{"start":{"line":134,"column":38},"end":{"line":134,"column":null}},"32":{"start":{"line":137,"column":2},"end":{"line":149,"column":null}},"33":{"start":{"line":138,"column":4},"end":{"line":142,"column":null}},"34":{"start":{"line":143,"column":2},"end":{"line":149,"column":null}},"35":{"start":{"line":144,"column":4},"end":{"line":148,"column":null}},"36":{"start":{"line":152,"column":2},"end":{"line":158,"column":null}},"37":{"start":{"line":153,"column":4},"end":{"line":157,"column":null}},"38":{"start":{"line":161,"column":2},"end":{"line":167,"column":null}},"39":{"start":{"line":162,"column":4},"end":{"line":166,"column":null}},"40":{"start":{"line":170,"column":2},"end":{"line":176,"column":null}},"41":{"start":{"line":171,"column":4},"end":{"line":175,"column":null}},"42":{"start":{"line":179,"column":2},"end":{"line":188,"column":null}},"43":{"start":{"line":180,"column":26},"end":{"line":180,"column":null}},"44":{"start":{"line":181,"column":4},"end":{"line":187,"column":null}},"45":{"start":{"line":182,"column":6},"end":{"line":186,"column":null}},"46":{"start":{"line":190,"column":2},"end":{"line":194,"column":null}},"47":{"start":{"line":205,"column":36},"end":{"line":205,"column":null}},"48":{"start":{"line":206,"column":38},"end":{"line":206,"column":null}},"49":{"start":{"line":209,"column":27},"end":{"line":209,"column":null}},"50":{"start":{"line":212,"column":2},"end":{"line":225,"column":null}},"51":{"start":{"line":213,"column":4},"end":{"line":224,"column":null}},"52":{"start":{"line":214,"column":22},"end":{"line":214,"column":null}},"53":{"start":{"line":214,"column":41},"end":{"line":214,"column":64}},"54":{"start":{"line":215,"column":6},"end":{"line":223,"column":null}},"55":{"start":{"line":216,"column":26},"end":{"line":219,"column":null}},"56":{"start":{"line":217,"column":10},"end":{"line":218,"column":null}},"57":{"start":{"line":220,"column":8},"end":{"line":222,"column":null}},"58":{"start":{"line":221,"column":10},"end":{"line":221,"column":null}},"59":{"start":{"line":228,"column":18},"end":{"line":228,"column":null}},"60":{"start":{"line":229,"column":25},"end":{"line":229,"column":null}},"61":{"start":{"line":232,"column":4},"end":{"line":234,"column":null}},"62":{"start":{"line":233,"column":6},"end":{"line":233,"column":null}},"63":{"start":{"line":235,"column":4},"end":{"line":237,"column":null}},"64":{"start":{"line":236,"column":6},"end":{"line":236,"column":null}},"65":{"start":{"line":239,"column":4},"end":{"line":239,"column":null}},"66":{"start":{"line":240,"column":4},"end":{"line":240,"column":null}},"67":{"start":{"line":242,"column":25},"end":{"line":242,"column":null}},"68":{"start":{"line":243,"column":4},"end":{"line":247,"column":null}},"69":{"start":{"line":244,"column":6},"end":{"line":246,"column":null}},"70":{"start":{"line":245,"column":8},"end":{"line":245,"column":null}},"71":{"start":{"line":249,"column":4},"end":{"line":249,"column":null}},"72":{"start":{"line":250,"column":4},"end":{"line":250,"column":null}},"73":{"start":{"line":254,"column":2},"end":{"line":262,"column":null}},"74":{"start":{"line":255,"column":4},"end":{"line":261,"column":null}},"75":{"start":{"line":256,"column":6},"end":{"line":260,"column":null}},"76":{"start":{"line":264,"column":2},"end":{"line":268,"column":null}},"77":{"start":{"line":275,"column":36},"end":{"line":275,"column":null}},"78":{"start":{"line":276,"column":38},"end":{"line":276,"column":null}},"79":{"start":{"line":279,"column":2},"end":{"line":285,"column":null}},"80":{"start":{"line":280,"column":4},"end":{"line":284,"column":null}},"81":{"start":{"line":287,"column":2},"end":{"line":299,"column":null}},"82":{"start":{"line":288,"column":4},"end":{"line":292,"column":null}},"83":{"start":{"line":293,"column":2},"end":{"line":299,"column":null}},"84":{"start":{"line":294,"column":4},"end":{"line":298,"column":null}},"85":{"start":{"line":301,"column":2},"end":{"line":307,"column":null}},"86":{"start":{"line":302,"column":4},"end":{"line":306,"column":null}},"87":{"start":{"line":310,"column":2},"end":{"line":370,"column":null}},"88":{"start":{"line":311,"column":32},"end":{"line":311,"column":null}},"89":{"start":{"line":312,"column":4},"end":{"line":318,"column":null}},"90":{"start":{"line":313,"column":6},"end":{"line":317,"column":null}},"91":{"start":{"line":319,"column":4},"end":{"line":325,"column":null}},"92":{"start":{"line":320,"column":6},"end":{"line":324,"column":null}},"93":{"start":{"line":328,"column":4},"end":{"line":352,"column":null}},"94":{"start":{"line":329,"column":6},"end":{"line":351,"column":null}},"95":{"start":{"line":330,"column":21},"end":{"line":330,"column":null}},"96":{"start":{"line":330,"column":40},"end":{"line":330,"column":55}},"97":{"start":{"line":331,"column":8},"end":{"line":350,"column":null}},"98":{"start":{"line":332,"column":10},"end":{"line":336,"column":null}},"99":{"start":{"line":338,"column":40},"end":{"line":342,"column":null}},"100":{"start":{"line":343,"column":10},"end":{"line":349,"column":null}},"101":{"start":{"line":344,"column":12},"end":{"line":348,"column":null}},"102":{"start":{"line":355,"column":34},"end":{"line":355,"column":null}},"103":{"start":{"line":356,"column":4},"end":{"line":362,"column":null}},"104":{"start":{"line":357,"column":6},"end":{"line":361,"column":null}},"105":{"start":{"line":363,"column":4},"end":{"line":369,"column":null}},"106":{"start":{"line":364,"column":6},"end":{"line":368,"column":null}},"107":{"start":{"line":373,"column":29},"end":{"line":373,"column":null}},"108":{"start":{"line":374,"column":2},"end":{"line":374,"column":null}},"109":{"start":{"line":375,"column":2},"end":{"line":375,"column":null}},"110":{"start":{"line":377,"column":2},"end":{"line":381,"column":null}},"111":{"start":{"line":388,"column":36},"end":{"line":388,"column":null}},"112":{"start":{"line":389,"column":38},"end":{"line":389,"column":null}},"113":{"start":{"line":391,"column":2},"end":{"line":397,"column":null}},"114":{"start":{"line":392,"column":4},"end":{"line":396,"column":null}},"115":{"start":{"line":399,"column":2},"end":{"line":405,"column":null}},"116":{"start":{"line":400,"column":4},"end":{"line":404,"column":null}},"117":{"start":{"line":407,"column":2},"end":{"line":413,"column":null}},"118":{"start":{"line":408,"column":4},"end":{"line":412,"column":null}},"119":{"start":{"line":415,"column":2},"end":{"line":421,"column":null}},"120":{"start":{"line":416,"column":4},"end":{"line":420,"column":null}},"121":{"start":{"line":423,"column":2},"end":{"line":429,"column":null}},"122":{"start":{"line":424,"column":4},"end":{"line":428,"column":null}},"123":{"start":{"line":431,"column":2},"end":{"line":435,"column":null}},"124":{"start":{"line":442,"column":2},"end":{"line":442,"column":null}},"125":{"start":{"line":442,"column":29},"end":{"line":442,"column":63}},"126":{"start":{"line":449,"column":2},"end":{"line":449,"column":null}},"127":{"start":{"line":449,"column":33},"end":{"line":449,"column":71}}},"fnMap":{"0":{"name":"validateMilestoneTaskAssociation","decl":{"start":{"line":18,"column":16},"end":{"line":18,"column":null}},"loc":{"start":{"line":22,"column":20},"end":{"line":74,"column":null}},"line":22},"1":{"name":"(anonymous_1)","decl":{"start":{"line":55,"column":57},"end":{"line":55,"column":null}},"loc":{"start":{"line":56,"column":4},"end":{"line":58,"column":null}},"line":56},"2":{"name":"validateMilestoneTaskConsistency","decl":{"start":{"line":79,"column":16},"end":{"line":79,"column":49}},"loc":{"start":{"line":79,"column":104},"end":{"line":127,"column":null}},"line":79},"3":{"name":"(anonymous_3)","decl":{"start":{"line":89,"column":39},"end":{"line":89,"column":47}},"loc":{"start":{"line":89,"column":47},"end":{"line":89,"column":83}},"line":89},"4":{"name":"(anonymous_4)","decl":{"start":{"line":102,"column":50},"end":{"line":102,"column":58}},"loc":{"start":{"line":102,"column":58},"end":{"line":102,"column":85}},"line":102},"5":{"name":"validateMilestoneData","decl":{"start":{"line":132,"column":16},"end":{"line":132,"column":38}},"loc":{"start":{"line":132,"column":78},"end":{"line":195,"column":null}},"line":132},"6":{"name":"checkCircularDependencies","decl":{"start":{"line":200,"column":16},"end":{"line":200,"column":null}},"loc":{"start":{"line":204,"column":20},"end":{"line":269,"column":null}},"line":204},"7":{"name":"(anonymous_7)","decl":{"start":{"line":212,"column":16},"end":{"line":212,"column":24}},"loc":{"start":{"line":212,"column":24},"end":{"line":225,"column":3}},"line":212},"8":{"name":"(anonymous_8)","decl":{"start":{"line":214,"column":36},"end":{"line":214,"column":41}},"loc":{"start":{"line":214,"column":41},"end":{"line":214,"column":64}},"line":214},"9":{"name":"(anonymous_9)","decl":{"start":{"line":216,"column":42},"end":{"line":216,"column":null}},"loc":{"start":{"line":217,"column":10},"end":{"line":218,"column":null}},"line":217},"10":{"name":"hasCycle","decl":{"start":{"line":231,"column":11},"end":{"line":231,"column":20}},"loc":{"start":{"line":231,"column":45},"end":{"line":251,"column":null}},"line":231},"11":{"name":"validateGoalData","decl":{"start":{"line":274,"column":16},"end":{"line":274,"column":33}},"loc":{"start":{"line":274,"column":105},"end":{"line":382,"column":null}},"line":274},"12":{"name":"(anonymous_12)","decl":{"start":{"line":310,"column":26},"end":{"line":310,"column":27}},"loc":{"start":{"line":310,"column":48},"end":{"line":370,"column":3}},"line":310},"13":{"name":"(anonymous_13)","decl":{"start":{"line":312,"column":39},"end":{"line":312,"column":48}},"loc":{"start":{"line":312,"column":48},"end":{"line":318,"column":5}},"line":312},"14":{"name":"(anonymous_14)","decl":{"start":{"line":319,"column":41},"end":{"line":319,"column":52}},"loc":{"start":{"line":319,"column":52},"end":{"line":325,"column":5}},"line":319},"15":{"name":"(anonymous_15)","decl":{"start":{"line":329,"column":32},"end":{"line":329,"column":42}},"loc":{"start":{"line":329,"column":42},"end":{"line":351,"column":7}},"line":329},"16":{"name":"(anonymous_16)","decl":{"start":{"line":330,"column":35},"end":{"line":330,"column":40}},"loc":{"start":{"line":330,"column":40},"end":{"line":330,"column":55}},"line":330},"17":{"name":"(anonymous_17)","decl":{"start":{"line":343,"column":47},"end":{"line":343,"column":56}},"loc":{"start":{"line":343,"column":56},"end":{"line":349,"column":11}},"line":343},"18":{"name":"(anonymous_18)","decl":{"start":{"line":356,"column":41},"end":{"line":356,"column":50}},"loc":{"start":{"line":356,"column":50},"end":{"line":362,"column":5}},"line":356},"19":{"name":"(anonymous_19)","decl":{"start":{"line":363,"column":43},"end":{"line":363,"column":54}},"loc":{"start":{"line":363,"column":54},"end":{"line":369,"column":5}},"line":363},"20":{"name":"validateTaskData","decl":{"start":{"line":387,"column":16},"end":{"line":387,"column":33}},"loc":{"start":{"line":387,"column":63},"end":{"line":436,"column":null}},"line":387},"21":{"name":"formatValidationErrors","decl":{"start":{"line":441,"column":16},"end":{"line":441,"column":39}},"loc":{"start":{"line":441,"column":76},"end":{"line":443,"column":null}},"line":441},"22":{"name":"(anonymous_22)","decl":{"start":{"line":442,"column":20},"end":{"line":442,"column":29}},"loc":{"start":{"line":442,"column":29},"end":{"line":442,"column":63}},"line":442},"23":{"name":"formatValidationWarnings","decl":{"start":{"line":448,"column":16},"end":{"line":448,"column":41}},"loc":{"start":{"line":448,"column":80},"end":{"line":450,"column":null}},"line":448},"24":{"name":"(anonymous_24)","decl":{"start":{"line":449,"column":22},"end":{"line":449,"column":33}},"loc":{"start":{"line":449,"column":33},"end":{"line":449,"column":71}},"line":449}},"branchMap":{"0":{"loc":{"start":{"line":27,"column":2},"end":{"line":34,"column":null}},"type":"if","locations":[{"start":{"line":27,"column":2},"end":{"line":34,"column":null}},{"start":{},"end":{}}],"line":27},"1":{"loc":{"start":{"line":37,"column":2},"end":{"line":43,"column":null}},"type":"if","locations":[{"start":{"line":37,"column":2},"end":{"line":43,"column":null}},{"start":{},"end":{}}],"line":37},"2":{"loc":{"start":{"line":37,"column":6},"end":{"line":37,"column":87}},"type":"binary-expr","locations":[{"start":{"line":37,"column":6},"end":{"line":37,"column":29}},{"start":{"line":37,"column":29},"end":{"line":37,"column":47}},{"start":{"line":37,"column":47},"end":{"line":37,"column":87}}],"line":37},"3":{"loc":{"start":{"line":46,"column":2},"end":{"line":52,"column":null}},"type":"if","locations":[{"start":{"line":46,"column":2},"end":{"line":52,"column":null}},{"start":{},"end":{}}],"line":46},"4":{"loc":{"start":{"line":46,"column":6},"end":{"line":46,"column":59}},"type":"binary-expr","locations":[{"start":{"line":46,"column":6},"end":{"line":46,"column":37}},{"start":{"line":46,"column":37},"end":{"line":46,"column":59}}],"line":46},"5":{"loc":{"start":{"line":56,"column":4},"end":{"line":58,"column":null}},"type":"binary-expr","locations":[{"start":{"line":56,"column":4},"end":{"line":56,"column":null}},{"start":{"line":57,"column":4},"end":{"line":57,"column":null}},{"start":{"line":58,"column":4},"end":{"line":58,"column":null}}],"line":56},"6":{"loc":{"start":{"line":61,"column":2},"end":{"line":67,"column":null}},"type":"if","locations":[{"start":{"line":61,"column":2},"end":{"line":67,"column":null}},{"start":{},"end":{}}],"line":61},"7":{"loc":{"start":{"line":84,"column":2},"end":{"line":86,"column":null}},"type":"if","locations":[{"start":{"line":84,"column":2},"end":{"line":86,"column":null}},{"start":{},"end":{}}],"line":84},"8":{"loc":{"start":{"line":84,"column":6},"end":{"line":84,"column":60}},"type":"binary-expr","locations":[{"start":{"line":84,"column":6},"end":{"line":84,"column":28}},{"start":{"line":84,"column":28},"end":{"line":84,"column":60}}],"line":84},"9":{"loc":{"start":{"line":92,"column":2},"end":{"line":99,"column":null}},"type":"if","locations":[{"start":{"line":92,"column":2},"end":{"line":99,"column":null}},{"start":{},"end":{}}],"line":92},"10":{"loc":{"start":{"line":105,"column":2},"end":{"line":111,"column":null}},"type":"if","locations":[{"start":{"line":105,"column":2},"end":{"line":111,"column":null}},{"start":{},"end":{}}],"line":105},"11":{"loc":{"start":{"line":105,"column":6},"end":{"line":105,"column":49}},"type":"binary-expr","locations":[{"start":{"line":105,"column":6},"end":{"line":105,"column":27}},{"start":{"line":105,"column":27},"end":{"line":105,"column":49}}],"line":105},"12":{"loc":{"start":{"line":114,"column":2},"end":{"line":120,"column":null}},"type":"if","locations":[{"start":{"line":114,"column":2},"end":{"line":120,"column":null}},{"start":{},"end":{}}],"line":114},"13":{"loc":{"start":{"line":114,"column":6},"end":{"line":114,"column":49}},"type":"binary-expr","locations":[{"start":{"line":114,"column":6},"end":{"line":114,"column":28}},{"start":{"line":114,"column":28},"end":{"line":114,"column":49}}],"line":114},"14":{"loc":{"start":{"line":137,"column":2},"end":{"line":149,"column":null}},"type":"if","locations":[{"start":{"line":137,"column":2},"end":{"line":149,"column":null}},{"start":{"line":143,"column":2},"end":{"line":149,"column":null}}],"line":137},"15":{"loc":{"start":{"line":137,"column":6},"end":{"line":137,"column":63}},"type":"binary-expr","locations":[{"start":{"line":137,"column":6},"end":{"line":137,"column":26}},{"start":{"line":137,"column":26},"end":{"line":137,"column":63}}],"line":137},"16":{"loc":{"start":{"line":143,"column":2},"end":{"line":149,"column":null}},"type":"if","locations":[{"start":{"line":143,"column":2},"end":{"line":149,"column":null}},{"start":{},"end":{}}],"line":143},"17":{"loc":{"start":{"line":152,"column":2},"end":{"line":158,"column":null}},"type":"if","locations":[{"start":{"line":152,"column":2},"end":{"line":158,"column":null}},{"start":{},"end":{}}],"line":152},"18":{"loc":{"start":{"line":152,"column":6},"end":{"line":152,"column":53}},"type":"binary-expr","locations":[{"start":{"line":152,"column":6},"end":{"line":152,"column":29}},{"start":{"line":152,"column":29},"end":{"line":152,"column":53}}],"line":152},"19":{"loc":{"start":{"line":161,"column":2},"end":{"line":167,"column":null}},"type":"if","locations":[{"start":{"line":161,"column":2},"end":{"line":167,"column":null}},{"start":{},"end":{}}],"line":161},"20":{"loc":{"start":{"line":161,"column":6},"end":{"line":161,"column":53}},"type":"binary-expr","locations":[{"start":{"line":161,"column":6},"end":{"line":161,"column":30}},{"start":{"line":161,"column":30},"end":{"line":161,"column":53}}],"line":161},"21":{"loc":{"start":{"line":170,"column":2},"end":{"line":176,"column":null}},"type":"if","locations":[{"start":{"line":170,"column":2},"end":{"line":176,"column":null}},{"start":{},"end":{}}],"line":170},"22":{"loc":{"start":{"line":170,"column":6},"end":{"line":170,"column":62}},"type":"binary-expr","locations":[{"start":{"line":170,"column":6},"end":{"line":170,"column":27}},{"start":{"line":170,"column":27},"end":{"line":170,"column":62}}],"line":170},"23":{"loc":{"start":{"line":179,"column":2},"end":{"line":188,"column":null}},"type":"if","locations":[{"start":{"line":179,"column":2},"end":{"line":188,"column":null}},{"start":{},"end":{}}],"line":179},"24":{"loc":{"start":{"line":179,"column":6},"end":{"line":179,"column":61}},"type":"binary-expr","locations":[{"start":{"line":179,"column":6},"end":{"line":179,"column":27}},{"start":{"line":179,"column":27},"end":{"line":179,"column":61}}],"line":179},"25":{"loc":{"start":{"line":181,"column":4},"end":{"line":187,"column":null}},"type":"if","locations":[{"start":{"line":181,"column":4},"end":{"line":187,"column":null}},{"start":{},"end":{}}],"line":181},"26":{"loc":{"start":{"line":213,"column":4},"end":{"line":224,"column":null}},"type":"if","locations":[{"start":{"line":213,"column":4},"end":{"line":224,"column":null}},{"start":{},"end":{}}],"line":213},"27":{"loc":{"start":{"line":215,"column":6},"end":{"line":223,"column":null}},"type":"if","locations":[{"start":{"line":215,"column":6},"end":{"line":223,"column":null}},{"start":{},"end":{}}],"line":215},"28":{"loc":{"start":{"line":217,"column":10},"end":{"line":218,"column":null}},"type":"binary-expr","locations":[{"start":{"line":217,"column":10},"end":{"line":217,"column":null}},{"start":{"line":218,"column":10},"end":{"line":218,"column":null}}],"line":217},"29":{"loc":{"start":{"line":220,"column":8},"end":{"line":222,"column":null}},"type":"if","locations":[{"start":{"line":220,"column":8},"end":{"line":222,"column":null}},{"start":{},"end":{}}],"line":220},"30":{"loc":{"start":{"line":221,"column":40},"end":{"line":221,"column":63}},"type":"binary-expr","locations":[{"start":{"line":221,"column":40},"end":{"line":221,"column":61}},{"start":{"line":221,"column":61},"end":{"line":221,"column":63}}],"line":221},"31":{"loc":{"start":{"line":232,"column":4},"end":{"line":234,"column":null}},"type":"if","locations":[{"start":{"line":232,"column":4},"end":{"line":234,"column":null}},{"start":{},"end":{}}],"line":232},"32":{"loc":{"start":{"line":235,"column":4},"end":{"line":237,"column":null}},"type":"if","locations":[{"start":{"line":235,"column":4},"end":{"line":237,"column":null}},{"start":{},"end":{}}],"line":235},"33":{"loc":{"start":{"line":242,"column":25},"end":{"line":242,"column":null}},"type":"binary-expr","locations":[{"start":{"line":242,"column":25},"end":{"line":242,"column":57}},{"start":{"line":242,"column":57},"end":{"line":242,"column":null}}],"line":242},"34":{"loc":{"start":{"line":244,"column":6},"end":{"line":246,"column":null}},"type":"if","locations":[{"start":{"line":244,"column":6},"end":{"line":246,"column":null}},{"start":{},"end":{}}],"line":244},"35":{"loc":{"start":{"line":255,"column":4},"end":{"line":261,"column":null}},"type":"if","locations":[{"start":{"line":255,"column":4},"end":{"line":261,"column":null}},{"start":{},"end":{}}],"line":255},"36":{"loc":{"start":{"line":255,"column":8},"end":{"line":255,"column":52}},"type":"binary-expr","locations":[{"start":{"line":255,"column":8},"end":{"line":255,"column":33}},{"start":{"line":255,"column":33},"end":{"line":255,"column":52}}],"line":255},"37":{"loc":{"start":{"line":279,"column":2},"end":{"line":285,"column":null}},"type":"if","locations":[{"start":{"line":279,"column":2},"end":{"line":285,"column":null}},{"start":{},"end":{}}],"line":279},"38":{"loc":{"start":{"line":279,"column":6},"end":{"line":279,"column":53}},"type":"binary-expr","locations":[{"start":{"line":279,"column":6},"end":{"line":279,"column":21}},{"start":{"line":279,"column":21},"end":{"line":279,"column":53}}],"line":279},"39":{"loc":{"start":{"line":287,"column":2},"end":{"line":299,"column":null}},"type":"if","locations":[{"start":{"line":287,"column":2},"end":{"line":299,"column":null}},{"start":{"line":293,"column":2},"end":{"line":299,"column":null}}],"line":287},"40":{"loc":{"start":{"line":293,"column":2},"end":{"line":299,"column":null}},"type":"if","locations":[{"start":{"line":293,"column":2},"end":{"line":299,"column":null}},{"start":{},"end":{}}],"line":293},"41":{"loc":{"start":{"line":301,"column":2},"end":{"line":307,"column":null}},"type":"if","locations":[{"start":{"line":301,"column":2},"end":{"line":307,"column":null}},{"start":{},"end":{}}],"line":301},"42":{"loc":{"start":{"line":301,"column":6},"end":{"line":301,"column":48}},"type":"binary-expr","locations":[{"start":{"line":301,"column":6},"end":{"line":301,"column":27}},{"start":{"line":301,"column":27},"end":{"line":301,"column":48}}],"line":301},"43":{"loc":{"start":{"line":328,"column":4},"end":{"line":352,"column":null}},"type":"if","locations":[{"start":{"line":328,"column":4},"end":{"line":352,"column":null}},{"start":{},"end":{}}],"line":328},"44":{"loc":{"start":{"line":331,"column":8},"end":{"line":350,"column":null}},"type":"if","locations":[{"start":{"line":331,"column":8},"end":{"line":350,"column":null}},{"start":{"line":337,"column":15},"end":{"line":350,"column":null}}],"line":331},"45":{"loc":{"start":{"line":391,"column":2},"end":{"line":397,"column":null}},"type":"if","locations":[{"start":{"line":391,"column":2},"end":{"line":397,"column":null}},{"start":{},"end":{}}],"line":391},"46":{"loc":{"start":{"line":391,"column":6},"end":{"line":391,"column":53}},"type":"binary-expr","locations":[{"start":{"line":391,"column":6},"end":{"line":391,"column":21}},{"start":{"line":391,"column":21},"end":{"line":391,"column":53}}],"line":391},"47":{"loc":{"start":{"line":399,"column":2},"end":{"line":405,"column":null}},"type":"if","locations":[{"start":{"line":399,"column":2},"end":{"line":405,"column":null}},{"start":{},"end":{}}],"line":399},"48":{"loc":{"start":{"line":399,"column":6},"end":{"line":399,"column":49}},"type":"binary-expr","locations":[{"start":{"line":399,"column":6},"end":{"line":399,"column":22}},{"start":{"line":399,"column":22},"end":{"line":399,"column":49}}],"line":399},"49":{"loc":{"start":{"line":407,"column":2},"end":{"line":413,"column":null}},"type":"if","locations":[{"start":{"line":407,"column":2},"end":{"line":413,"column":null}},{"start":{},"end":{}}],"line":407},"50":{"loc":{"start":{"line":407,"column":6},"end":{"line":407,"column":56}},"type":"binary-expr","locations":[{"start":{"line":407,"column":6},"end":{"line":407,"column":37}},{"start":{"line":407,"column":37},"end":{"line":407,"column":56}}],"line":407},"51":{"loc":{"start":{"line":415,"column":2},"end":{"line":421,"column":null}},"type":"if","locations":[{"start":{"line":415,"column":2},"end":{"line":421,"column":null}},{"start":{},"end":{}}],"line":415},"52":{"loc":{"start":{"line":415,"column":6},"end":{"line":415,"column":76}},"type":"binary-expr","locations":[{"start":{"line":415,"column":6},"end":{"line":415,"column":24}},{"start":{"line":415,"column":24},"end":{"line":415,"column":76}}],"line":415},"53":{"loc":{"start":{"line":423,"column":2},"end":{"line":429,"column":null}},"type":"if","locations":[{"start":{"line":423,"column":2},"end":{"line":429,"column":null}},{"start":{},"end":{}}],"line":423},"54":{"loc":{"start":{"line":423,"column":6},"end":{"line":423,"column":83}},"type":"binary-expr","locations":[{"start":{"line":423,"column":6},"end":{"line":423,"column":22}},{"start":{"line":423,"column":22},"end":{"line":423,"column":83}}],"line":423}},"s":{"0":20,"1":20,"2":20,"3":2,"4":2,"5":18,"6":3,"7":18,"8":5,"9":18,"10":18,"11":18,"12":5,"13":18,"14":21,"15":21,"16":21,"17":11,"18":10,"19":11,"20":10,"21":4,"22":4,"23":6,"24":11,"25":6,"26":2,"27":6,"28":1,"29":6,"30":23,"31":23,"32":23,"33":5,"34":18,"35":2,"36":23,"37":1,"38":23,"39":1,"40":23,"41":1,"42":23,"43":6,"44":6,"45":2,"46":23,"47":26,"48":26,"49":26,"50":26,"51":18,"52":16,"53":13,"54":16,"55":13,"56":14,"57":13,"58":12,"59":26,"60":26,"61":30,"62":12,"63":18,"64":0,"65":18,"66":18,"67":18,"68":30,"69":12,"70":12,"71":6,"72":6,"73":26,"74":18,"75":12,"76":26,"77":17,"78":17,"79":17,"80":2,"81":17,"82":1,"83":16,"84":14,"85":17,"86":2,"87":17,"88":11,"89":11,"90":3,"91":11,"92":1,"93":11,"94":3,"95":5,"96":5,"97":5,"98":1,"99":4,"100":4,"101":2,"102":11,"103":11,"104":1,"105":11,"106":1,"107":17,"108":17,"109":17,"110":17,"111":10,"112":10,"113":10,"114":2,"115":10,"116":1,"117":10,"118":1,"119":10,"120":1,"121":10,"122":1,"123":10,"124":3,"125":4,"126":3,"127":3},"f":{"0":20,"1":18,"2":21,"3":11,"4":11,"5":23,"6":26,"7":18,"8":13,"9":14,"10":30,"11":17,"12":11,"13":3,"14":1,"15":5,"16":5,"17":2,"18":1,"19":1,"20":10,"21":3,"22":4,"23":3,"24":3},"b":{"0":[2,18],"1":[3,15],"2":[18,15,14],"3":[5,13],"4":[18,5],"5":[18,17,17],"6":[5,13],"7":[11,10],"8":[21,11],"9":[4,6],"10":[2,4],"11":[6,3],"12":[1,5],"13":[6,3],"14":[5,18],"15":[23,19],"16":[2,16],"17":[1,22],"18":[23,1],"19":[1,22],"20":[23,22],"21":[1,22],"22":[23,7],"23":[6,17],"24":[23,7],"25":[2,4],"26":[16,2],"27":[13,3],"28":[14,14],"29":[12,1],"30":[12,0],"31":[12,18],"32":[0,18],"33":[18,6],"34":[12,0],"35":[12,6],"36":[18,18],"37":[2,15],"38":[17,16],"39":[1,16],"40":[14,2],"41":[2,15],"42":[17,16],"43":[3,8],"44":[1,4],"45":[2,8],"46":[10,9],"47":[1,9],"48":[10,2],"49":[1,9],"50":[10,1],"51":[1,9],"52":[10,10],"53":[1,9],"54":[10,10]},"meta":{"lastBranch":55,"lastFunction":25,"lastStatement":128,"seen":{"f:18:16:18:Infinity":0,"s:23:36:23:Infinity":0,"s:24:38:24:Infinity":1,"b:27:2:34:Infinity:undefined:undefined:undefined:undefined":0,"s:27:2:34:Infinity":2,"s:28:4:32:Infinity":3,"s:33:4:33:Infinity":4,"b:37:2:43:Infinity:undefined:undefined:undefined:undefined":1,"s:37:2:43:Infinity":5,"b:37:6:37:29:37:29:37:47:37:47:37:87":2,"s:38:4:42:Infinity":6,"b:46:2:52:Infinity:undefined:undefined:undefined:undefined":3,"s:46:2:52:Infinity":7,"b:46:6:46:37:46:37:46:59":4,"s:47:4:51:Infinity":8,"s:55:43:59:Infinity":9,"f:55:57:55:Infinity":1,"s:56:4:58:Infinity":10,"b:56:4:56:Infinity:57:4:57:Infinity:58:4:58:Infinity":5,"b:61:2:67:Infinity:undefined:undefined:undefined:undefined":6,"s:61:2:67:Infinity":11,"s:62:4:66:Infinity":12,"s:69:2:73:Infinity":13,"f:79:16:79:49":2,"s:80:36:80:Infinity":14,"s:81:38:81:Infinity":15,"b:84:2:86:Infinity:undefined:undefined:undefined:undefined":7,"s:84:2:86:Infinity":16,"b:84:6:84:28:84:28:84:60":8,"s:85:4:85:Infinity":17,"s:89:26:89:Infinity":18,"f:89:39:89:47":3,"s:89:47:89:83":19,"b:92:2:99:Infinity:undefined:undefined:undefined:undefined":9,"s:92:2:99:Infinity":20,"s:93:4:97:Infinity":21,"s:98:4:98:Infinity":22,"s:102:28:102:Infinity":23,"f:102:50:102:58":4,"s:102:58:102:85":24,"b:105:2:111:Infinity:undefined:undefined:undefined:undefined":10,"s:105:2:111:Infinity":25,"b:105:6:105:27:105:27:105:49":11,"s:106:4:110:Infinity":26,"b:114:2:120:Infinity:undefined:undefined:undefined:undefined":12,"s:114:2:120:Infinity":27,"b:114:6:114:28:114:28:114:49":13,"s:115:4:119:Infinity":28,"s:122:2:126:Infinity":29,"f:132:16:132:38":5,"s:133:36:133:Infinity":30,"s:134:38:134:Infinity":31,"b:137:2:149:Infinity:143:2:149:Infinity":14,"s:137:2:149:Infinity":32,"b:137:6:137:26:137:26:137:63":15,"s:138:4:142:Infinity":33,"b:143:2:149:Infinity:undefined:undefined:undefined:undefined":16,"s:143:2:149:Infinity":34,"s:144:4:148:Infinity":35,"b:152:2:158:Infinity:undefined:undefined:undefined:undefined":17,"s:152:2:158:Infinity":36,"b:152:6:152:29:152:29:152:53":18,"s:153:4:157:Infinity":37,"b:161:2:167:Infinity:undefined:undefined:undefined:undefined":19,"s:161:2:167:Infinity":38,"b:161:6:161:30:161:30:161:53":20,"s:162:4:166:Infinity":39,"b:170:2:176:Infinity:undefined:undefined:undefined:undefined":21,"s:170:2:176:Infinity":40,"b:170:6:170:27:170:27:170:62":22,"s:171:4:175:Infinity":41,"b:179:2:188:Infinity:undefined:undefined:undefined:undefined":23,"s:179:2:188:Infinity":42,"b:179:6:179:27:179:27:179:61":24,"s:180:26:180:Infinity":43,"b:181:4:187:Infinity:undefined:undefined:undefined:undefined":25,"s:181:4:187:Infinity":44,"s:182:6:186:Infinity":45,"s:190:2:194:Infinity":46,"f:200:16:200:Infinity":6,"s:205:36:205:Infinity":47,"s:206:38:206:Infinity":48,"s:209:27:209:Infinity":49,"s:212:2:225:Infinity":50,"f:212:16:212:24":7,"b:213:4:224:Infinity:undefined:undefined:undefined:undefined":26,"s:213:4:224:Infinity":51,"s:214:22:214:Infinity":52,"f:214:36:214:41":8,"s:214:41:214:64":53,"b:215:6:223:Infinity:undefined:undefined:undefined:undefined":27,"s:215:6:223:Infinity":54,"s:216:26:219:Infinity":55,"f:216:42:216:Infinity":9,"s:217:10:218:Infinity":56,"b:217:10:217:Infinity:218:10:218:Infinity":28,"b:220:8:222:Infinity:undefined:undefined:undefined:undefined":29,"s:220:8:222:Infinity":57,"s:221:10:221:Infinity":58,"b:221:40:221:61:221:61:221:63":30,"s:228:18:228:Infinity":59,"s:229:25:229:Infinity":60,"f:231:11:231:20":10,"b:232:4:234:Infinity:undefined:undefined:undefined:undefined":31,"s:232:4:234:Infinity":61,"s:233:6:233:Infinity":62,"b:235:4:237:Infinity:undefined:undefined:undefined:undefined":32,"s:235:4:237:Infinity":63,"s:236:6:236:Infinity":64,"s:239:4:239:Infinity":65,"s:240:4:240:Infinity":66,"s:242:25:242:Infinity":67,"b:242:25:242:57:242:57:242:Infinity":33,"s:243:4:247:Infinity":68,"b:244:6:246:Infinity:undefined:undefined:undefined:undefined":34,"s:244:6:246:Infinity":69,"s:245:8:245:Infinity":70,"s:249:4:249:Infinity":71,"s:250:4:250:Infinity":72,"s:254:2:262:Infinity":73,"b:255:4:261:Infinity:undefined:undefined:undefined:undefined":35,"s:255:4:261:Infinity":74,"b:255:8:255:33:255:33:255:52":36,"s:256:6:260:Infinity":75,"s:264:2:268:Infinity":76,"f:274:16:274:33":11,"s:275:36:275:Infinity":77,"s:276:38:276:Infinity":78,"b:279:2:285:Infinity:undefined:undefined:undefined:undefined":37,"s:279:2:285:Infinity":79,"b:279:6:279:21:279:21:279:53":38,"s:280:4:284:Infinity":80,"b:287:2:299:Infinity:293:2:299:Infinity":39,"s:287:2:299:Infinity":81,"s:288:4:292:Infinity":82,"b:293:2:299:Infinity:undefined:undefined:undefined:undefined":40,"s:293:2:299:Infinity":83,"s:294:4:298:Infinity":84,"b:301:2:307:Infinity:undefined:undefined:undefined:undefined":41,"s:301:2:307:Infinity":85,"b:301:6:301:27:301:27:301:48":42,"s:302:4:306:Infinity":86,"s:310:2:370:Infinity":87,"f:310:26:310:27":12,"s:311:32:311:Infinity":88,"s:312:4:318:Infinity":89,"f:312:39:312:48":13,"s:313:6:317:Infinity":90,"s:319:4:325:Infinity":91,"f:319:41:319:52":14,"s:320:6:324:Infinity":92,"b:328:4:352:Infinity:undefined:undefined:undefined:undefined":43,"s:328:4:352:Infinity":93,"s:329:6:351:Infinity":94,"f:329:32:329:42":15,"s:330:21:330:Infinity":95,"f:330:35:330:40":16,"s:330:40:330:55":96,"b:331:8:350:Infinity:337:15:350:Infinity":44,"s:331:8:350:Infinity":97,"s:332:10:336:Infinity":98,"s:338:40:342:Infinity":99,"s:343:10:349:Infinity":100,"f:343:47:343:56":17,"s:344:12:348:Infinity":101,"s:355:34:355:Infinity":102,"s:356:4:362:Infinity":103,"f:356:41:356:50":18,"s:357:6:361:Infinity":104,"s:363:4:369:Infinity":105,"f:363:43:363:54":19,"s:364:6:368:Infinity":106,"s:373:29:373:Infinity":107,"s:374:2:374:Infinity":108,"s:375:2:375:Infinity":109,"s:377:2:381:Infinity":110,"f:387:16:387:33":20,"s:388:36:388:Infinity":111,"s:389:38:389:Infinity":112,"b:391:2:397:Infinity:undefined:undefined:undefined:undefined":45,"s:391:2:397:Infinity":113,"b:391:6:391:21:391:21:391:53":46,"s:392:4:396:Infinity":114,"b:399:2:405:Infinity:undefined:undefined:undefined:undefined":47,"s:399:2:405:Infinity":115,"b:399:6:399:22:399:22:399:49":48,"s:400:4:404:Infinity":116,"b:407:2:413:Infinity:undefined:undefined:undefined:undefined":49,"s:407:2:413:Infinity":117,"b:407:6:407:37:407:37:407:56":50,"s:408:4:412:Infinity":118,"b:415:2:421:Infinity:undefined:undefined:undefined:undefined":51,"s:415:2:421:Infinity":119,"b:415:6:415:24:415:24:415:76":52,"s:416:4:420:Infinity":120,"b:423:2:429:Infinity:undefined:undefined:undefined:undefined":53,"s:423:2:429:Infinity":121,"b:423:6:423:22:423:22:423:83":54,"s:424:4:428:Infinity":122,"s:431:2:435:Infinity":123,"f:441:16:441:39":21,"s:442:2:442:Infinity":124,"f:442:20:442:29":22,"s:442:29:442:63":125,"f:448:16:448:41":23,"s:449:2:449:Infinity":126,"f:449:22:449:33":24,"s:449:33:449:71":127}}}
}
