{"/Users/philipclapper/workspace/task-manager/src/components/UI/Button.tsx": {"path":"/Users/philipclapper/workspace/task-manager/src/components/UI/Button.tsx","statementMap":{"0":{"start":{"line":20,"column":22},"end":{"line":20,"column":null}},"1":{"start":{"line":22,"column":25},"end":{"line":26,"column":null}},"2":{"start":{"line":28,"column":22},"end":{"line":32,"column":null}},"3":{"start":{"line":34,"column":26},"end":{"line":34,"column":null}},"4":{"start":{"line":36,"column":23},"end":{"line":39,"column":null}},"5":{"start":{"line":41,"column":27},"end":{"line":45,"column":null}},"6":{"start":{"line":42,"column":4},"end":{"line":44,"column":null}},"7":{"start":{"line":43,"column":6},"end":{"line":43,"column":null}},"8":{"start":{"line":47,"column":27},"end":{"line":51,"column":null}},"9":{"start":{"line":48,"column":4},"end":{"line":50,"column":null}},"10":{"start":{"line":49,"column":6},"end":{"line":49,"column":null}},"11":{"start":{"line":53,"column":2},"end":{"line":63,"column":null}}},"fnMap":{"0":{"name":"Button","decl":{"start":{"line":12,"column":16},"end":{"line":12,"column":23}},"loc":{"start":{"line":19,"column":16},"end":{"line":65,"column":null}},"line":19},"1":{"name":"(anonymous_1)","decl":{"start":{"line":41,"column":27},"end":{"line":41,"column":28}},"loc":{"start":{"line":41,"column":71},"end":{"line":45,"column":null}},"line":41},"2":{"name":"(anonymous_2)","decl":{"start":{"line":47,"column":27},"end":{"line":47,"column":28}},"loc":{"start":{"line":47,"column":71},"end":{"line":51,"column":null}},"line":47}},"branchMap":{"0":{"loc":{"start":{"line":14,"column":2},"end":{"line":14,"column":null}},"type":"default-arg","locations":[{"start":{"line":14,"column":12},"end":{"line":14,"column":null}}],"line":14},"1":{"loc":{"start":{"line":15,"column":2},"end":{"line":15,"column":null}},"type":"default-arg","locations":[{"start":{"line":15,"column":9},"end":{"line":15,"column":null}}],"line":15},"2":{"loc":{"start":{"line":16,"column":2},"end":{"line":16,"column":null}},"type":"default-arg","locations":[{"start":{"line":16,"column":14},"end":{"line":16,"column":null}}],"line":16},"3":{"loc":{"start":{"line":18,"column":2},"end":{"line":18,"column":null}},"type":"default-arg","locations":[{"start":{"line":18,"column":13},"end":{"line":18,"column":null}}],"line":18},"4":{"loc":{"start":{"line":34,"column":26},"end":{"line":34,"column":null}},"type":"cond-expr","locations":[{"start":{"line":34,"column":37},"end":{"line":34,"column":71}},{"start":{"line":34,"column":71},"end":{"line":34,"column":null}}],"line":34},"5":{"loc":{"start":{"line":36,"column":23},"end":{"line":39,"column":null}},"type":"cond-expr","locations":[{"start":{"line":36,"column":47},"end":{"line":39,"column":29}},{"start":{"line":39,"column":29},"end":{"line":39,"column":null}}],"line":36},"6":{"loc":{"start":{"line":42,"column":4},"end":{"line":44,"column":null}},"type":"if","locations":[{"start":{"line":42,"column":4},"end":{"line":44,"column":null}},{"start":{},"end":{}}],"line":42},"7":{"loc":{"start":{"line":42,"column":8},"end":{"line":42,"column":44}},"type":"binary-expr","locations":[{"start":{"line":42,"column":8},"end":{"line":42,"column":33}},{"start":{"line":42,"column":33},"end":{"line":42,"column":44}}],"line":42},"8":{"loc":{"start":{"line":48,"column":4},"end":{"line":50,"column":null}},"type":"if","locations":[{"start":{"line":48,"column":4},"end":{"line":50,"column":null}},{"start":{},"end":{}}],"line":48},"9":{"loc":{"start":{"line":48,"column":8},"end":{"line":48,"column":44}},"type":"binary-expr","locations":[{"start":{"line":48,"column":8},"end":{"line":48,"column":33}},{"start":{"line":48,"column":33},"end":{"line":48,"column":44}}],"line":48}},"s":{"0":14,"1":14,"2":14,"3":14,"4":14,"5":14,"6":2,"7":2,"8":14,"9":0,"10":0,"11":14},"f":{"0":14,"1":2,"2":0},"b":{"0":[14],"1":[14],"2":[14],"3":[14],"4":[1,13],"5":[12,2],"6":[2,0],"7":[2,2],"8":[0,0],"9":[0,0]},"meta":{"lastBranch":10,"lastFunction":3,"lastStatement":12,"seen":{"f:12:16:12:23":0,"b:14:12:14:Infinity":0,"b:15:9:15:Infinity":1,"b:16:14:16:Infinity":2,"b:18:13:18:Infinity":3,"s:20:22:20:Infinity":0,"s:22:25:26:Infinity":1,"s:28:22:32:Infinity":2,"s:34:26:34:Infinity":3,"b:34:37:34:71:34:71:34:Infinity":4,"s:36:23:39:Infinity":4,"b:36:47:39:29:39:29:39:Infinity":5,"s:41:27:45:Infinity":5,"f:41:27:41:28":1,"b:42:4:44:Infinity:undefined:undefined:undefined:undefined":6,"s:42:4:44:Infinity":6,"b:42:8:42:33:42:33:42:44":7,"s:43:6:43:Infinity":7,"s:47:27:51:Infinity":8,"f:47:27:47:28":2,"b:48:4:50:Infinity:undefined:undefined:undefined:undefined":8,"s:48:4:50:Infinity":9,"b:48:8:48:33:48:33:48:44":9,"s:49:6:49:Infinity":10,"s:53:2:63:Infinity":11}}}
}
